<?xml version="1.0" encoding="utf-8"?>
<TestRun id="6f5f6f1f-f847-4790-b9cf-a6f91b833c57" name="@Gonzalos-MacBook-Pro 2026-03-07 19:01:23" xmlns="http://microsoft.com/schemas/VisualStudio/TeamTest/2010">
  <Times creation="2026-03-07T19:01:23.8829570-04:00" queuing="2026-03-07T19:01:23.8829570-04:00" start="2026-03-07T19:01:23.3750860-04:00" finish="2026-03-07T19:01:23.8856520-04:00" />
  <TestSettings name="default" id="98f6b821-5da7-423d-8aaa-a388287dcef3">
    <Deployment runDeploymentRoot="_Gonzalos-MacBook-Pro_2026-03-07_19_01_23" />
  </TestSettings>
  <Results>
    <UnitTestResult executionId="673cb8d0-3bb8-410c-87d9-b33af46c2d98" testId="51860eee-ce2d-efa3-e7b8-fc41ae69e61b" testName="WhatsAppSaaS.Api.Tests.Services.WebhookProcessorTests.SpecialInstructions_StillWorksWithPlainCheckout" computerName="Gonzalos-MacBook-Pro" duration="00:00:00.1101158" startTime="2026-03-07T19:01:23.7020740-04:00" endTime="2026-03-07T19:01:23.8166230-04:00" testType="13cdc9d9-ddb5-4fa4-a97d-d965ccfc6d4b" outcome="Failed" testListId="8c84fa94-04c1-424b-9868-57a2d4851a1d" relativeResultsDirectory="673cb8d0-3bb8-410c-87d9-b33af46c2d98">
      <Output>
        <ErrorInfo>
          <Message>Expected state.CustomerName to be "Maria", but found &lt;null&gt;.</Message>
          <StackTrace>   at FluentAssertions.Execution.XUnit2TestFramework.Throw(String message)
   at FluentAssertions.Execution.TestFrameworkProvider.Throw(String message)
   at FluentAssertions.Execution.DefaultAssertionStrategy.HandleFailure(String message)
   at FluentAssertions.Execution.AssertionScope.FailWith(Func`1 failReasonFunc)
   at FluentAssertions.Execution.AssertionScope.FailWith(Func`1 failReasonFunc)
   at FluentAssertions.Execution.AssertionScope.FailWith(String message, Object[] args)
   at FluentAssertions.Primitives.StringValidator.ValidateAgainstNulls()
   at FluentAssertions.Primitives.StringValidator.Validate()
   at FluentAssertions.Primitives.StringAssertions`1.Be(String expected, String because, Object[] becauseArgs)
   at WhatsAppSaaS.Api.Tests.Services.WebhookProcessorTests.SpecialInstructions_StillWorksWithPlainCheckout() in /Volumes/GONZI/RESCATE_DESKTOP/WhatsAppSaaS/tests/Api.Tests/Services/WebhookProcessorTests.cs:line 1700
--- End of stack trace from previous location ---</StackTrace>
        </ErrorInfo>
      </Output>
    </UnitTestResult>
  </Results>
  <TestDefinitions>
    <UnitTest name="WhatsAppSaaS.Api.Tests.Services.WebhookProcessorTests.SpecialInstructions_StillWorksWithPlainCheckout" storage="/volumes/gonzi/rescate_desktop/whatsappsaas/tests/api.tests/bin/debug/net8.0/api.tests.dll" id="51860eee-ce2d-efa3-e7b8-fc41ae69e61b">
      <Execution id="673cb8d0-3bb8-410c-87d9-b33af46c2d98" />
      <TestMethod codeBase="/Volumes/GONZI/RESCATE_DESKTOP/WhatsAppSaaS/tests/Api.Tests/bin/Debug/net8.0/Api.Tests.dll" adapterTypeName="executor://xunit/VsTestRunner3/netcore/" className="WhatsAppSaaS.Api.Tests.Services.WebhookProcessorTests" name="SpecialInstructions_StillWorksWithPlainCheckout" />
    </UnitTest>
  </TestDefinitions>
  <TestEntries>
    <TestEntry testId="51860eee-ce2d-efa3-e7b8-fc41ae69e61b" executionId="673cb8d0-3bb8-410c-87d9-b33af46c2d98" testListId="8c84fa94-04c1-424b-9868-57a2d4851a1d" />
  </TestEntries>
  <TestLists>
    <TestList name="Results Not in a List" id="8c84fa94-04c1-424b-9868-57a2d4851a1d" />
    <TestList name="All Loaded Results" id="19431567-8539-422a-85d7-44ee4e166bda" />
  </TestLists>
  <ResultSummary outcome="Failed">
    <Counters total="1" executed="1" passed="0" failed="1" error="0" timeout="0" aborted="0" inconclusive="0" passedButRunAborted="0" notRunnable="0" notExecuted="0" disconnected="0" warning="0" completed="0" inProgress="0" pending="0" />
    <Output>
      <StdOut>[xUnit.net 00:00:00.00] xUnit.net VSTest Adapter v3.1.5+1b188a7b0a (64-bit .NET 8.0.24)
[xUnit.net 00:00:00.03]   Discovering: Api.Tests
[xUnit.net 00:00:00.07]   Discovered:  Api.Tests
[xUnit.net 00:00:00.08]   Starting:    Api.Tests
[xUnit.net 00:00:00.21]       Expected state.CustomerName to be "Maria", but found &lt;null&gt;.
[xUnit.net 00:00:00.21]       Stack Trace:
[xUnit.net 00:00:00.21]            at FluentAssertions.Execution.XUnit2TestFramework.Throw(String message)
[xUnit.net 00:00:00.21]            at FluentAssertions.Execution.TestFrameworkProvider.Throw(String message)
[xUnit.net 00:00:00.21]            at FluentAssertions.Execution.DefaultAssertionStrategy.HandleFailure(String message)
[xUnit.net 00:00:00.21]            at FluentAssertions.Execution.AssertionScope.FailWith(Func`1 failReasonFunc)
[xUnit.net 00:00:00.21]            at FluentAssertions.Execution.AssertionScope.FailWith(Func`1 failReasonFunc)
[xUnit.net 00:00:00.21]            at FluentAssertions.Execution.AssertionScope.FailWith(String message, Object[] args)
[xUnit.net 00:00:00.21]            at FluentAssertions.Primitives.StringValidator.ValidateAgainstNulls()
[xUnit.net 00:00:00.21]            at FluentAssertions.Primitives.StringValidator.Validate()
[xUnit.net 00:00:00.21]            at FluentAssertions.Primitives.StringAssertions`1.Be(String expected, String because, Object[] becauseArgs)
[xUnit.net 00:00:00.21]         /Volumes/GONZI/RESCATE_DESKTOP/WhatsAppSaaS/tests/Api.Tests/Services/WebhookProcessorTests.cs(1700,0): at WhatsAppSaaS.Api.Tests.Services.WebhookProcessorTests.SpecialInstructions_StillWorksWithPlainCheckout()
[xUnit.net 00:00:00.21]         --- End of stack trace from previous location ---
[xUnit.net 00:00:00.21]   Finished:    Api.Tests
</StdOut>
    </Output>
    <RunInfos>
      <RunInfo computerName="Gonzalos-MacBook-Pro" outcome="Error" timestamp="2026-03-07T19:01:23.8181080-04:00">
        <Text>[xUnit.net 00:00:00.21]     WhatsAppSaaS.Api.Tests.Services.WebhookProcessorTests.SpecialInstructions_StillWorksWithPlainCheckout [FAIL]</Text>
      </RunInfo>
    </RunInfos>
  </ResultSummary>
</TestRun>